<?xml version="1.0" encoding="UTF-8"?>
<testng-results skipped="0" failed="0" ignored="0" total="3" passed="3">
  <reporter-output>
  </reporter-output>
  <suite name="Default suite" duration-ms="56467" started-at="2020-01-25T20:27:27Z" finished-at="2020-01-25T20:28:24Z">
    <groups>
    </groups>
    <test name="Default test" duration-ms="56467" started-at="2020-01-25T20:27:27Z" finished-at="2020-01-25T20:28:24Z">
      <class name="com.Mizan.Login.TC_002">
        <test-method status="PASS" signature="testcase1()[pri:0, instance:com.Mizan.Login.TC_002@39aeed2f]" name="testcase1" duration-ms="19177" started-at="2020-01-25T20:27:27Z" finished-at="2020-01-25T20:27:47Z">
          <reporter-output>
          </reporter-output>
        </test-method> <!-- testcase1 -->
      </class> <!-- com.Mizan.Login.TC_002 -->
      <class name="com.Mizan.Login.TC_001">
        <test-method status="PASS" signature="testcase1()[pri:0, instance:com.Mizan.Login.TC_001@6767c1fc]" name="testcase1" duration-ms="20119" started-at="2020-01-25T20:27:47Z" finished-at="2020-01-25T20:28:07Z">
          <reporter-output>
          </reporter-output>
        </test-method> <!-- testcase1 -->
      </class> <!-- com.Mizan.Login.TC_001 -->
      <class name="com.Mizan.Login.TC_003">
        <test-method status="PASS" signature="testcase1()[pri:0, instance:com.Mizan.Login.TC_003@29ee9faa]" name="testcase1" duration-ms="17108" started-at="2020-01-25T20:28:07Z" finished-at="2020-01-25T20:28:24Z">
          <reporter-output>
          </reporter-output>
        </test-method> <!-- testcase1 -->
      </class> <!-- com.Mizan.Login.TC_003 -->
    </test> <!-- Default test -->
  </suite> <!-- Default suite -->
</testng-results>
