<?xml version="1.0" encoding="UTF-8"?>
<!-- Generated by org.testng.reporters.JUnitXMLReporter -->
<testsuite hostname="Rahman-PC" ignored="0" name="Default test" tests="3" failures="0" timestamp="25 Jan 2020 20:28:24 GMT" time="56.467" errors="0">
  <testcase name="testcase1" time="19.177" classname="com.Mizan.Login.TC_002"/>
  <testcase name="testcase1" time="20.119" classname="com.Mizan.Login.TC_001"/>
  <testcase name="testcase1" time="17.108" classname="com.Mizan.Login.TC_003"/>
</testsuite> <!-- Default test -->
